ril/src/ril_atResponse.c: In function 'Ql_RIL_AT_SetErrCode':
ril/src/ril_atResponse.c:50:1: warning: control reaches end of non-void function [-Wreturn-type]
 s32 Ql_RIL_AT_SetErrCode(s32 errCode) {m_iErrCode = errCode;}
 ^
ril/src/ril_lwm2m.c: In function 'ATResponse_Recv_Handler':
ril/src/ril_lwm2m.c:145:6: warning: pointer targets in passing argument 3 of 'Ql_RIL_FindString' differ in signedness [-Wpointer-sign]
     if(head)
      ^
In file included from ril/src/ril_lwm2m.c:36:0:
ril/inc/ril_util.h:69:14: note: expected 'char *' but argument is of type 'u8 *'
 extern char* Ql_RIL_FindString(char *line, u32 len,char *str);
              ^
ril/src/ril_lwm2m.c:145:17: warning: pointer targets in initialization differ in signedness [-Wpointer-sign]
     if(head)
                 ^
ril/src/ril_lwm2m.c:152:13: warning: pointer targets in passing argument 1 of 'Ql_strstr' differ in signedness [-Wpointer-sign]
    p1++;
             ^
In file included from ril/src/ril_lwm2m.c:37:0:
include/ql_stdlib.h:53:7: note: expected 'const char *' but argument is of type 'u8 *'
 char* Ql_strstr(const char* s1, const char* s2);
       ^
ril/src/ril_lwm2m.c:165:5: warning: implicit declaration of function 'QSDK_Get_Str' [-Wimplicit-function-declaration]
     lwm2m_param->actual_length= Ql_atoi(strTmp);
     ^
ril/src/ril_lwm2m.c:178:8: warning: pointer targets in assignment differ in signedness [-Wpointer-sign]
   *head = '\0';
        ^
ril/src/ril_lwm2m.c:186:10: warning: pointer targets in assignment differ in signedness [-Wpointer-sign]
     if(head)
          ^
ril/src/ril_lwm2m.c:191:10: warning: pointer targets in assignment differ in signedness [-Wpointer-sign]
     if(head)
          ^
ril/src/ril_lwm2m.c:196:10: warning: pointer targets in assignment differ in signedness [-Wpointer-sign]
     if(head)
          ^
ril/src/ril_lwm2m.c:201:10: warning: pointer targets in assignment differ in signedness [-Wpointer-sign]
     if(head)
          ^
ril/src/ril_lwm2m.c: In function 'RIL_QLwM2M_Serv':
ril/src/ril_lwm2m.c:212:6: warning: unused variable 'socid' [-Wunused-variable]
     char strAT[200] ;
      ^
ril/src/ril_lwm2m.c: In function 'RIL_QLwM2M_RD':
ril/src/ril_lwm2m.c:329:25: warning: pointer targets in assignment differ in signedness [-Wpointer-sign]
 
                         ^
ril/src/ril_socket.c: In function 'ATRsp_Soc_Create_Handler':
ril/src/ril_socket.c:87:12: warning: pointer targets in assignment differ in signedness [-Wpointer-sign]
          p = head + Ql_strlen("\r\n+QSOC=");
            ^
ril/src/ril_socket.c:89:10: warning: pointer targets in passing argument 1 of 'Ql_atoi' differ in signedness [-Wpointer-sign]
          *state = Ql_atoi(p);   
          ^
In file included from ril/src/ril_socket.c:37:0:
include/ql_stdlib.h:39:8: note: expected 'const char *' but argument is of type 'u8 *'
 s32    Ql_atoi(const char* s);
        ^
ril/src/ril_urc.c: In function 'OnURCHandler_RECV_DATA':
ril/src/ril_urc.c:130:3: warning: implicit declaration of function 'QSDK_Get_Str' [-Wimplicit-function-declaration]
   QSDK_Get_Str(p1,recv_buffer,2);
   ^
ril/src/ril_urc.c:131:9: warning: passing argument 4 of 'Ql_OS_SendMessage' makes integer from pointer without a cast [enabled by default]
         Ql_OS_SendMessage(URC_RCV_TASK_ID, MSG_ID_URC_INDICATION, URC_SOCKET_RECV_DATA, recv_buffer);
         ^
In file included from ril/src/ril_urc.c:37:0:
include/ql_system.h:194:5: note: expected 'u32' but argument is of type 'u8 *'
 s32 Ql_OS_SendMessage(s32 destTaskId, u32 msgId, u32 param1, u32 param2);
     ^
ril/src/ril_urc.c:122:9: warning: unused variable 'len' [-Wunused-variable]
     s32 len;
         ^
ril/src/ril_urc.c: In function 'OnURCHandler_LwM2M_RECV_DATA':
ril/src/ril_urc.c:151:9: warning: passing argument 4 of 'Ql_OS_SendMessage' makes integer from pointer without a cast [enabled by default]
         Ql_OS_SendMessage(URC_RCV_TASK_ID, MSG_ID_URC_INDICATION, URC_LwM2M_RECV_DATA, recv_LwM2M_buffer);
         ^
In file included from ril/src/ril_urc.c:37:0:
include/ql_system.h:194:5: note: expected 'u32' but argument is of type 'u8 *'
 s32 Ql_OS_SendMessage(s32 destTaskId, u32 msgId, u32 param1, u32 param2);
     ^
ril/src/ril_urc.c:142:9: warning: unused variable 'len' [-Wunused-variable]
     s32 len;
         ^
ril/src/ril_urc.c: At top level:
ril/src/ril_urc.c:265:13: warning: 'OnURCHandler_InitStat' defined but not used [-Wunused-function]
 static void OnURCHandler_InitStat(const char* strURC, void* reserved)
             ^
example/utility.c: In function 'Check_Separator':
example/utility.c:45:5: warning: suggest parentheses around assignment used as truth value [-Wparentheses]
     while (pChar1 = Ql_strstr(pConnCfg, "<"))
     ^
example/utility.c:52:5: warning: suggest parentheses around assignment used as truth value [-Wparentheses]
     while (pChar1 = Ql_strstr(pConnCfg, ">"))
     ^
example/utility.c:59:5: warning: suggest parentheses around assignment used as truth value [-Wparentheses]
     while (pChar1 = Ql_strstr(pConnCfg, ">,<"))
     ^
example/utility.c:42:11: warning: unused variable 'pChar2' [-Wunused-variable]
     char* pChar2;
           ^
example/utility.c: In function 'Analyse_Command':
example/utility.c:103:5: warning: suggest parentheses around assignment used as truth value [-Wparentheses]
     if (q = (u8*)Ql_strstr((char*)src_str,"\r\n"))//remove\r\n
     ^
example/utility.c:120:17: warning: suggest parentheses around assignment used as truth value [-Wparentheses]
                 if (p[i+1] = (u8*)Ql_strstr((char*)p[i],">"))
                 ^
